
=== Sun Jan 20 14:08:53 2019

Packages were changed.
Update Mode: updateDependencies

The following packages were added:
  com.unity.collab-proxy@1.2.15
The following packages were updated:
  com.unity.analytics from version 2.0.16 to 3.2.2
  com.unity.package-manager-ui from version 1.9.11 to 2.0.3
  com.unity.textmeshpro from version 1.2.4 to 1.3.0

=== Fri Apr 19 11:45:53 2019

Packages were changed.
Update Mode: updateDependencies

The following packages were added:
  com.unity.timeline@1.0.0
  com.unity.multiplayer-hlapi@1.0.2
  com.unity.xr.legacyinputhelpers@2.0.2
The following packages were updated:
  com.unity.package-manager-ui from version 2.0.7 to 2.1.2
  com.unity.render-pipelines.lightweight from version 4.10.0-preview to 5.7.2
  com.unity.shadergraph from version 4.10.0-preview to 5.7.2
  com.unity.textmeshpro from version 1.3.0 to 2.0.0

=== Thu Jun 13 22:00:34 2019

Packages were changed.
Update Mode: updateDependencies

The following packages were updated:
  com.unity.textmeshpro from version 2.0.0 to 2.0.1

=== Sat Jul  6 10:10:06 2019

Packages were changed.
Update Mode: updateDependencies

The following packages were added:
  com.unity.2d.tilemap@1.0.0
  com.unity.test-framework@1.0.16
  com.unity.2d.sprite@1.0.0
  com.unity.ide.vscode@1.0.7
  com.unity.ide.visualstudio@1.0.11
  com.unity.ide.rider@1.0.8
  com.unity.ugui@1.0.0
  com.unity.modules.androidjni@1.0.0
The following packages were updated:
  com.unity.multiplayer-hlapi from version 1.0.2 to 1.0.4
  com.unity.render-pipelines.lightweight from version 5.7.2 to 6.5.2
  com.unity.shadergraph from version 5.7.2 to 6.5.2
  com.unity.timeline from version 1.0.0 to 1.1.0
  com.unity.xr.legacyinputhelpers from version 2.0.2 to 2.0.4
The following packages were removed:
  com.unity.package-manager-ui@2.1.2

=== Fri Aug  9 20:19:11 2019

Packages were changed.
Update Mode: updateDependencies

The following packages were updated:
  com.unity.test-framework from version 1.0.16 to 1.0.17

=== Wed Aug 21 19:42:12 2019

Packages were changed.
Update Mode: updateDependencies

The following packages were added:
  com.unity.analytics@3.3.2
  com.unity.purchasing@2.0.6
  com.unity.ads@2.0.8
  com.unity.collab-proxy@1.2.16

=== Sat Sep 14 17:36:10 2019

Packages were changed.
Update Mode: updateDependencies

The following packages were updated:
  com.unity.ide.rider from version 1.0.8 to 1.1.0
  com.unity.shadergraph from version 6.5.2 to 7.0.1
  com.unity.test-framework from version 1.0.17 to 1.1.1
  com.unity.timeline from version 1.1.0 to 1.2.1

=== Mon Oct 28 10:33:55 2019

Packages were changed.
Update Mode: updateDependencies

The following packages were updated:
  com.unity.ide.vscode from version 1.0.7 to 1.1.2
  com.unity.render-pipelines.lightweight from version 7.0.1 to 7.1.1
  com.unity.shadergraph from version 7.0.1 to 7.1.1
  com.unity.test-framework from version 1.1.1 to 1.1.3
  com.unity.timeline from version 1.2.1 to 1.2.4

=== Thu Nov 21 14:46:44 2019

Packages were changed.
Update Mode: updateDependencies

The following packages were updated:
  com.unity.timeline from version 1.2.4 to 1.2.6

=== Sat Nov 30 17:25:32 2019

Packages were changed.
Update Mode: updateDependencies

The following packages were updated:
  com.unity.render-pipelines.lightweight from version 7.1.1 to 7.1.5
  com.unity.render-pipelines.universal from version 7.1.2 to 7.1.5

=== Sat Dec 14 15:09:47 2019

Packages were changed.
Update Mode: updateDependencies

The following packages were updated:
  com.unity.render-pipelines.lightweight from version 7.1.5 to 7.1.6
  com.unity.render-pipelines.universal from version 7.1.5 to 7.1.6
  com.unity.shadergraph from version 7.1.5 to 7.1.6

=== Thu Jan 16 18:39:02 2020

Packages were changed.
Update Mode: updateDependencies

The following packages were updated:
  com.unity.render-pipelines.lightweight from version 7.1.6 to 7.1.7
  com.unity.render-pipelines.universal from version 7.1.6 to 7.1.7
  com.unity.shadergraph from version 7.1.6 to 7.1.7

=== Thu Jan 30 23:41:54 2020

Packages were changed.
Update Mode: updateDependencies

The following packages were updated:
  com.unity.ide.vscode from version 1.1.3 to 1.1.4
  com.unity.render-pipelines.lightweight from version 7.1.7 to 7.1.8
  com.unity.render-pipelines.universal from version 7.1.7 to 7.1.8
  com.unity.shadergraph from version 7.1.7 to 7.1.8
